BUILD: [Thrd:Sequence:Type  ] Message
BUILD: [01:0000000024:ERRORE] C:\WINCE600\platform\COMMON\src\soc\COMMON_TI_V1\COMMON_TI\DSS\inc\dssai.h(246) : error C2061: syntax error : identifier 'OMAPDisplayController'
BUILD: [01:0000000025:ERRORE] C:\WINCE600\platform\COMMON\src\soc\COMMON_TI_V1\COMMON_TI\DSS\inc\dssai.h(246) : error C2059: syntax error : ';'
BUILD: [01:0000000026:ERRORE] C:\WINCE600\platform\COMMON\src\soc\COMMON_TI_V1\COMMON_TI\DSS\inc\dssai.h(247) : error C2061: syntax error : identifier 'OMAPSurfaceManager'
BUILD: [01:0000000027:ERRORE] C:\WINCE600\platform\COMMON\src\soc\COMMON_TI_V1\COMMON_TI\DSS\inc\dssai.h(247) : error C2059: syntax error : ';'
BUILD: [01:0000000028:ERRORE] C:\WINCE600\platform\COMMON\src\soc\COMMON_TI_V1\COMMON_TI\DSS\inc\dssai.h(248) : error C2061: syntax error : identifier 'OMAPSurface'
BUILD: [01:0000000029:ERRORE] C:\WINCE600\platform\COMMON\src\soc\COMMON_TI_V1\COMMON_TI\DSS\inc\dssai.h(248) : error C2059: syntax error : ';'
BUILD: [01:0000000030:ERRORE] C:\WINCE600\platform\COMMON\src\soc\COMMON_TI_V1\COMMON_TI\DSS\inc\dssai.h(249) : error C2061: syntax error : identifier 'OMAPFlatSurface'
BUILD: [01:0000000031:ERRORE] C:\WINCE600\platform\COMMON\src\soc\COMMON_TI_V1\COMMON_TI\DSS\inc\dssai.h(249) : error C2059: syntax error : ';'
BUILD: [01:0000000032:ERRORE] C:\WINCE600\platform\COMMON\src\soc\COMMON_TI_V1\COMMON_TI\DSS\inc\dssai.h(250) : error C2061: syntax error : identifier 'OMAPVrfbSurface'
BUILD: [01:0000000033:ERRORE] C:\WINCE600\platform\COMMON\src\soc\COMMON_TI_V1\COMMON_TI\DSS\inc\dssai.h(250) : error C2059: syntax error : ';'
BUILD: [01:0000000034:ERRORE] C:\WINCE600\platform\COMMON\src\soc\COMMON_TI_V1\COMMON_TI\DSS\inc\dssai.h(259) : error C2061: syntax error : identifier 'OMAPDisplayController'
BUILD: [01:0000000035:ERRORE] C:\WINCE600\platform\COMMON\src\soc\COMMON_TI_V1\COMMON_TI\DSS\inc\dssai.h(259) : error C2059: syntax error : ';'
BUILD: [01:0000000036:ERRORE] C:\WINCE600\platform\COMMON\src\soc\COMMON_TI_V1\COMMON_TI\DSS\inc\dssai.h(260) : error C2449: found '{' at file scope (missing function header?)
BUILD: [01:0000000037:ERRORE] C:\WINCE600\platform\COMMON\src\soc\COMMON_TI_V1\COMMON_TI\DSS\inc\dssai.h(725) : error C2059: syntax error : '}'
BUILD: [01:0000000038:ERRORE] C:\WINCE600\platform\COMMON\src\soc\COMMON_TI_V1\COMMON_TI\DSS\inc\dssai.h(955) : error C2061: syntax error : identifier 'OMAPSurfaceManager'
BUILD: [01:0000000039:ERRORE] C:\WINCE600\platform\COMMON\src\soc\COMMON_TI_V1\COMMON_TI\DSS\inc\dssai.h(955) : error C2059: syntax error : ';'
BUILD: [01:0000000040:ERRORE] C:\WINCE600\platform\COMMON\src\soc\COMMON_TI_V1\COMMON_TI\DSS\inc\dssai.h(956) : error C2449: found '{' at file scope (missing function header?)
BUILD: [01:0000000041:ERRORE] C:\WINCE600\platform\COMMON\src\soc\COMMON_TI_V1\COMMON_TI\DSS\inc\dssai.h(1055) : error C2059: syntax error : '}'
BUILD: [01:0000000042:ERRORE] C:\WINCE600\platform\COMMON\src\soc\COMMON_TI_V1\COMMON_TI\DSS\inc\dssai.h(1170) : error C2061: syntax error : identifier 'OMAPFlatSurfaceManager'
BUILD: [01:0000000043:ERRORE] C:\WINCE600\platform\COMMON\src\soc\COMMON_TI_V1\COMMON_TI\DSS\inc\dssai.h(1170) : error C2059: syntax error : ';'
BUILD: [01:0000000044:ERRORE] C:\WINCE600\platform\COMMON\src\soc\COMMON_TI_V1\COMMON_TI\DSS\inc\dssai.h(1170) : error C2059: syntax error : ':'
BUILD: [01:0000000045:ERRORE] C:\WINCE600\platform\COMMON\src\soc\COMMON_TI_V1\COMMON_TI\DSS\inc\dssai.h(1288) : error C2061: syntax error : identifier 'OMAPVrfbSurface'
BUILD: [01:0000000046:ERRORE] C:\WINCE600\platform\COMMON\src\soc\COMMON_TI_V1\COMMON_TI\DSS\inc\dssai.h(1288) : error C2059: syntax error : ';'
BUILD: [01:0000000047:ERRORE] C:\WINCE600\platform\COMMON\src\soc\COMMON_TI_V1\COMMON_TI\DSS\inc\dssai.h(1288) : error C2059: syntax error : ':'
BUILD: [01:0000000048:ERRORE] C:\WINCE600\platform\COMMON\src\soc\COMMON_TI_V1\COMMON_TI\DSS\inc\dssai.h(1393) : error C2061: syntax error : identifier 'OMAPVrfbSurfaceManager'
BUILD: [01:0000000049:ERRORE] C:\WINCE600\platform\COMMON\src\soc\COMMON_TI_V1\COMMON_TI\DSS\inc\dssai.h(1393) : error C2059: syntax error : ';'
BUILD: [01:0000000050:ERRORE] C:\WINCE600\platform\COMMON\src\soc\COMMON_TI_V1\COMMON_TI\DSS\inc\dssai.h(1393) : error C2059: syntax error : ':'
BUILD: [01:0000000051:ERRORE] C:\WINCE600\PLATFORM\Z2170P\SRC\BOOTLOADER\DISPLAY\.\bsp_logo.c(59) : error C2143: syntax error : missing '{' before ':'
BUILD: [01:0000000052:ERRORE] C:\WINCE600\PLATFORM\Z2170P\SRC\BOOTLOADER\DISPLAY\.\bsp_logo.c(59) : error C2059: syntax error : ':'
BUILD: [01:0000000053:ERRORE] C:\WINCE600\PLATFORM\Z2170P\SRC\BOOTLOADER\DISPLAY\.\bsp_logo.c(60) : error C2143: syntax error : missing '{' before ':'
BUILD: [01:0000000054:ERRORE] C:\WINCE600\PLATFORM\Z2170P\SRC\BOOTLOADER\DISPLAY\.\bsp_logo.c(60) : error C2059: syntax error : ':'
BUILD: [01:0000000055:ERRORE] C:\WINCE600\PLATFORM\Z2170P\SRC\BOOTLOADER\DISPLAY\.\bsp_logo.c(706) : error C2143: syntax error : missing '{' before ':'
BUILD: [01:0000000056:ERRORE] C:\WINCE600\PLATFORM\Z2170P\SRC\BOOTLOADER\DISPLAY\.\bsp_logo.c(706) : error C2059: syntax error : ':'
BUILD: [01:0000000057:ERRORE] C:\WINCE600\PLATFORM\Z2170P\SRC\BOOTLOADER\DISPLAY\.\bsp_logo.c(711) : error C2143: syntax error : missing '{' before ':'
BUILD: [01:0000000058:ERRORE] C:\WINCE600\PLATFORM\Z2170P\SRC\BOOTLOADER\DISPLAY\.\bsp_logo.c(711) : error C2059: syntax error : ':'
BUILD: [01:0000000061:ERRORE] C:\WINCE600\PLATFORM\Z2170P\SRC\BOOTLOADER\DISPLAY\.\bsp_logo.c(1040) : error C2143: syntax error : missing ';' before ':'
BUILD: [01:0000000062:ERRORE] C:\WINCE600\PLATFORM\Z2170P\SRC\BOOTLOADER\DISPLAY\.\bsp_logo.c(1041) : error C2045: 'OMAPDisplayController' : label redefined
BUILD: [01:0000000063:ERRORE] C:\WINCE600\PLATFORM\Z2170P\SRC\BOOTLOADER\DISPLAY\.\bsp_logo.c(1041) : error C2143: syntax error : missing ';' before ':'
